Arguments: 
  /usr/bin/node /usr/bin/yarn add axios

PATH: 
  /home/jason/.local/bin:/usr/local/sbin:/usr/local/bin:/usr/bin:/usr/lib/jvm/default/bin:/usr/bin/site_perl:/usr/bin/vendor_perl:/usr/bin/core_perl:/var/lib/snapd/snap/bin:/home/jason/Android/Sdk/tools:/home/jason/Android/Sdk/tools/bin:/home/jason/Android/Sdk/platform-tools:/home/jason/Android/Sdk/emulator

Yarn version: 
  1.22.4

Node version: 
  14.3.0

Platform: 
  linux x64

Trace: 
  Error: ENOENT: no such file or directory, copyfile '/home/jason/.cache/yarn/v6/npm-inherits-2.0.1-b17d08d326b4423e568eff719f91b0b1cbdf69f1-integrity/node_modules/inherits/LICENSE' -> '/home/jason/Desktop/web-takeaway-ts/node_modules/assert/node_modules/inherits/LICENSE'

npm manifest: 
  {
    "name": "web-takeaway-ts",
    "version": "1.0.0",
    "description": "",
    "main": "index.js",
    "scripts": {
      "dev": "./node_modules/.bin/webpack-dev-server --config build/webpack.dev.js",
      "build": "./node_modules/.bin/webpack --config build/webpack.build.js --progress",
      "test": "echo \"Error: no test specified\" && exit 1"
    },
    "keywords": [],
    "author": "",
    "license": "ISC",
    "dependencies": {
      "css-loader": "^3.6.0",
      "webpack": "^4.43.0",
      "webpack-cli": "^3.3.12"
    },
    "devDependencies": {
      "babel-loader": "^8.1.0",
      "html-webpack-plugin": "^4.3.0",
      "react-hot-loader": "^4.12.21",
      "ts-loader": "^7.0.5",
      "typescript": "^3.9.5",
      "webpack-dev-server": "^3.11.0"
    }
  }

yarn manifest: 
  No manifest

Lockfile: 
  No lockfile
